\BOOKMARK [0][-]{chapter.1}{Problem 1: Tensorflow Softmax \(25 points\)}{}% 1
\BOOKMARK [1][-]{section.1.1}{\(a\) \040Implement Softmax use Tensorflow \(5 points, coding\)}{chapter.1}% 2
\BOOKMARK [1][-]{section.1.2}{\(b\) \040Implement Cross-Entropy use Tensorflow \(5 points, coding\)}{chapter.1}% 3
\BOOKMARK [1][-]{section.1.3}{\(c\) \040Tensorflow Placeholder and Feed Dictionary \(5 points, coding/written\)}{chapter.1}% 4
\BOOKMARK [1][-]{section.1.4}{\(d\) \040Implement Classifier \(5 points, coding\)}{chapter.1}% 5
\BOOKMARK [1][-]{section.1.5}{\(e\) \040Implement Model \(5 points, coding/written\)}{chapter.1}% 6
\BOOKMARK [0][-]{chapter.2}{Problem 2: Neural Transition-Based Dependency Parsing \(50 points + 2 bonus points\)}{}% 7
\BOOKMARK [1][-]{section.2.1}{\(a\) \040Dependency Parsing \(6 points, written\)}{chapter.2}% 8
\BOOKMARK [1][-]{section.2.2}{\(b\) \040How many steps \(2 points, written\)}{chapter.2}% 9
\BOOKMARK [1][-]{section.2.3}{\(c\) \040Parser Step \(6 points, coding\)}{chapter.2}% 10
\BOOKMARK [1][-]{section.2.4}{\(d\) \040Parser Transitions \(6 points, coding\)}{chapter.2}% 11
\BOOKMARK [1][-]{section.2.5}{\(e\) \040Xavier Initialization \(4 points, coding\)}{chapter.2}% 12
\BOOKMARK [1][-]{section.2.6}{\(f\) \040Dropout \(2 points, written\)}{chapter.2}% 13
\BOOKMARK [1][-]{section.2.7}{\(g\) \040Adam Optimizer \(4 points, written\)}{chapter.2}% 14
\BOOKMARK [2][-]{subsection.2.7.1}{ i\) \040Momentum}{section.2.7}% 15
\BOOKMARK [2][-]{subsection.2.7.2}{ ii\) \040Adaptive Learning Rates}{section.2.7}% 16
\BOOKMARK [1][-]{section.2.8}{\(h\) \040Parser Model \(20 points, coding/written\)}{chapter.2}% 17
\BOOKMARK [1][-]{section.2.9}{\(i\) \040Bonus \(2 points, coding/written\)}{chapter.2}% 18
\BOOKMARK [0][-]{chapter.3}{Problem 3: Recurrent Neural Networks \(25 points + 1 bonus point\)}{}% 19
\BOOKMARK [1][-]{section.3.1}{\(a\) \040 Perplexity \(4 points, written\)}{chapter.3}% 20
\BOOKMARK [2][-]{subsection.3.1.1}{ i\) \040Derive Perplexity \(2 points\)}{section.3.1}% 21
\BOOKMARK [2][-]{subsection.3.1.2}{ ii\) \040Equivalent \(1 point\)}{section.3.1}% 22
\BOOKMARK [2][-]{subsection.3.1.3}{ iii\) \040Perplexity for a single word \(1 point\)}{section.3.1}% 23
\BOOKMARK [1][-]{section.3.2}{\(b\) \040Gradients on Single Point \(7 points, written\)}{chapter.3}% 24
\BOOKMARK [1][-]{section.3.3}{\(c\) \040Gradients \(7 points, written\)}{chapter.3}% 25
\BOOKMARK [1][-]{section.3.4}{\(d\) \040How Many Operations for Single Timestep \(3 points, written\)}{chapter.3}% 26
\BOOKMARK [1][-]{section.3.5}{\(e\) \040How Many Operations for Entire Sequence \(3 points, written\)}{chapter.3}% 27
\BOOKMARK [1][-]{section.3.6}{\(f\) \040Which largest? Term RNN? \(1 point, written\)}{chapter.3}% 28
\BOOKMARK [1][-]{section.3.7}{\(g\) \040Bonus \(1 point, written\)}{chapter.3}% 29
