\BOOKMARK [0][-]{chapter.1}{Problem 1. A window into NER \(30 points\)}{}% 1
\BOOKMARK [1][-]{section.1.1}{\(a\) \040 Understanding NER \(5 points, written\)}{chapter.1}% 2
\BOOKMARK [2][-]{subsection.1.1.1}{ i\) \040Ambiguous Examples \(2 points\)}{section.1.1}% 3
\BOOKMARK [2][-]{subsection.1.1.2}{ ii\) \040Why use features \(1 point\)}{section.1.1}% 4
\BOOKMARK [2][-]{subsection.1.1.3}{ iii\) \040 Feature examples \(2 points\)}{section.1.1}% 5
\BOOKMARK [1][-]{section.1.2}{\(b\) \040 Computational complexity \(5 points, written\)}{chapter.1}% 6
\BOOKMARK [2][-]{subsection.1.2.1}{ i\) \040Dimensions \(2 points\)}{section.1.2}% 7
\BOOKMARK [2][-]{subsection.1.2.2}{ ii\) \040Complexity \(3 point\)}{section.1.2}% 8
\BOOKMARK [1][-]{section.1.3}{\(c\) \040Implement model\(15 points, code\)}{chapter.1}% 9
\BOOKMARK [1][-]{section.1.4}{\(d\) \040Analyze the predictions \(5 points, written\)}{chapter.1}% 10
\BOOKMARK [2][-]{subsection.1.4.1}{ i\) \040Report best F1 score \(1 point\)}{section.1.4}% 11
\BOOKMARK [2][-]{subsection.1.4.2}{ ii\) \040Describe limitation \(4 points\)}{section.1.4}% 12
\BOOKMARK [0][-]{chapter.2}{Problem 2. Recurrent neural nets for NER \(40 points\)}{}% 13
\BOOKMARK [1][-]{section.2.1}{\(a\) \040Computational complexity \(4 points, written\)}{chapter.2}% 14
\BOOKMARK [2][-]{subsection.2.1.1}{ i\) \040How many more \(1 point\)}{section.2.1}% 15
\BOOKMARK [2][-]{subsection.2.1.2}{ ii\) \040Complexity \(3 point\)}{section.2.1}% 16
\BOOKMARK [1][-]{section.2.2}{\(b\) \040F1 score \(2 points, written\)}{chapter.2}% 17
\BOOKMARK [2][-]{subsection.2.2.1}{ i\) \040When CE cost and F1 decreasing at same time \(1 point\)}{section.2.2}% 18
\BOOKMARK [2][-]{subsection.2.2.2}{ ii\) \040Why not F1 \(1 point\)}{section.2.2}% 19
\BOOKMARK [1][-]{section.2.3}{\(c\) \040RNN cell \(5 points, code\)}{chapter.2}% 20
\BOOKMARK [1][-]{section.2.4}{\(d\) \040RNN model \(8 points, code/written\)}{chapter.2}% 21
\BOOKMARK [2][-]{subsection.2.4.1}{ i\) \040 Loss and Gradient Update \(3 points, written\)}{section.2.4}% 22
\BOOKMARK [2][-]{subsection.2.4.2}{ ii\) \040 \(5 points, code\)}{section.2.4}% 23
\BOOKMARK [1][-]{section.2.5}{\(e\) \040Full RNN model \(12 points, code\)}{chapter.2}% 24
\BOOKMARK [1][-]{section.2.6}{\(e\) \040Train RNN model \(3 points, code\)}{chapter.2}% 25
\BOOKMARK [0][-]{chapter.3}{Problem 3. Grooving with GRUs \(30 points\)}{}% 26
\BOOKMARK [1][-]{section.3.1}{\(a\) \040 Modeling latching behavior \(4 points, written\)}{chapter.3}% 27
\BOOKMARK [2][-]{subsection.3.1.1}{ i\) \040RNN cell values \(1 point\)}{section.3.1}% 28
\BOOKMARK [2][-]{subsection.3.1.2}{ ii\) \040GRU cell values \(3 points\)}{section.3.1}% 29
\BOOKMARK [1][-]{section.3.2}{\(b\) \040Modeling toggling behavior \(6 points, written\)}{chapter.3}% 30
\BOOKMARK [2][-]{subsection.3.2.1}{ i\) \0401D RNN \(3 points\)}{section.3.2}% 31
\BOOKMARK [2][-]{subsection.3.2.2}{ ii\) \040GRU cell values \(3 points\)}{section.3.2}% 32
\BOOKMARK [1][-]{section.3.3}{\(c\) \040GRU cell \(6 points, code\)}{chapter.3}% 33
\BOOKMARK [1][-]{section.3.4}{\(d\) \040Dynamic RNN \(6 points, code\)}{chapter.3}% 34
\BOOKMARK [1][-]{section.3.5}{\(e\) \040Analyze graphs \(5 points, written\)}{chapter.3}% 35
\BOOKMARK [1][-]{section.3.6}{\(f\) \040Train GRU \(3 points, code\)}{chapter.3}% 36
